16-09-20 23:42:36 bootstrap-provisioner:353 INFO: Setting up logstash
16-09-20 23:42:36 bootstrap-provisioner:639 INFO: Get instance metadata
16-09-20 23:42:36 bootstrap-provisioner:565 DEBUG: get_instance_metadata - Retrieving Meta data from http://169.254.169.254/openstack/latest/meta_data.json
16-09-20 23:42:36 bootstrap-provisioner:573 INFO: metadata request response [200]: {"random_seed": "GSjT2Tr49g1yH0UBjXf+D90h6woAJYOzP7Pnyjv1FIniVbL1djgjcP2ShuVIFCX7d1zBdQL0UHEyP5WEiKVsqlCAdA8cwQjhOoGoOBDyvg/QZNti7Qp7/HBXRDBI5O7BhL2kz5/95TEX+4PfMfVCnf2qSip7nOV9Agz0BS0HEBE1dIJZZL/I8vbzL35XPM5Se6MGry2pAhovrrwvQHo1oduhoKxl9ASnvwzZDlkNBZcs1Neax6MRRLOwe/5bjQRQ3RHWVtWxLMKRa5GBIxde8SvnGsVPOat4IIvHo1zJHCmJJOjQza4P+Bja8TBamYP6YWUTWB0804goxJVQ3VP3UfYo21IwvgUtN/LAATB92y84jHiJXe4rEjSR+AWHkNeLxOBb0LE4ZcBzhYQDluqGy34ihSgk61/olcbEa2TEhqyArrbs0qJXR6TNIjlQIGKDWSV+ri1wGrJADLqse60YBHez4UQ0xQfCHyfRXe9ZQH/C+v+GcSoLFoS5w9vJ/ND4boVxbx3BvtKONUztTPAZNkHMRo8ooCGC41XxhnlwU9/TG60XttXuZsltI0eiB1peKGAHv4oUCqRSIwsTkUXtaUjsT8/KM7P8rE8OmbTegvTM3aqDhPbOrOozUxhIkRPE3yG7twYqK2gG2wQfCRfqZiQS3kYicn4xDA3AbbWCFXQ=", "uuid": "30b580e2-d393-4db5-bb4d-993c567f10e4", "availability_zone": "nova", "hostname": "sergueik-testing-framework-927-1.ent.wfb.bank.corp", "launch_index": 0, "meta": {"server_system_role": "LAB", "server_function": "SANDBOX SERVER", "puppet_version": "2015.2", "app_id": "PCE", "branch_name": "ace928_1", "factory_domain": "wellsfargo.com", "is_factory": "false", "server_role": "role::add_testing_framework", "provision_only": "false"}, "name": "sergueik_testing_framework_927_1"}
16-09-20 23:42:36 bootstrap-provisioner:149 DEBUG: bootstrap_provision.get_instance_metadata.time: 0.0197770595551 (0:0:0)
16-09-20 23:42:36 bootstrap-provisioner:642 DEBUG: {u'server_system_role': u'LAB', u'server_function': u'SANDBOX SERVER', u'random_seed': u'GSjT2Tr49g1yH0UBjXf+D90h6woAJYOzP7Pnyjv1FIniVbL1djgjcP2ShuVIFCX7d1zBdQL0UHEyP5WEiKVsqlCAdA8cwQjhOoGoOBDyvg/QZNti7Qp7/HBXRDBI5O7BhL2kz5/95TEX+4PfMfVCnf2qSip7nOV9Agz0BS0HEBE1dIJZZL/I8vbzL35XPM5Se6MGry2pAhovrrwvQHo1oduhoKxl9ASnvwzZDlkNBZcs1Neax6MRRLOwe/5bjQRQ3RHWVtWxLMKRa5GBIxde8SvnGsVPOat4IIvHo1zJHCmJJOjQza4P+Bja8TBamYP6YWUTWB0804goxJVQ3VP3UfYo21IwvgUtN/LAATB92y84jHiJXe4rEjSR+AWHkNeLxOBb0LE4ZcBzhYQDluqGy34ihSgk61/olcbEa2TEhqyArrbs0qJXR6TNIjlQIGKDWSV+ri1wGrJADLqse60YBHez4UQ0xQfCHyfRXe9ZQH/C+v+GcSoLFoS5w9vJ/ND4boVxbx3BvtKONUztTPAZNkHMRo8ooCGC41XxhnlwU9/TG60XttXuZsltI0eiB1peKGAHv4oUCqRSIwsTkUXtaUjsT8/KM7P8rE8OmbTegvTM3aqDhPbOrOozUxhIkRPE3yG7twYqK2gG2wQfCRfqZiQS3kYicn4xDA3AbbWCFXQ=', u'uuid': u'30b580e2-d393-4db5-bb4d-993c567f10e4', u'provision_only': u'false', u'availability_zone': u'nova', u'puppet_version': u'2015.2', u'hostname': u'sergueik-testing-framework-927-1.ent.wfb.bank.corp', u'launch_index': 0, u'app_id': u'PCE', u'branch_name': u'ace928_1', u'meta': {u'server_system_role': u'LAB', u'server_function': u'SANDBOX SERVER', u'puppet_version': u'2015.2', u'app_id': u'PCE', u'branch_name': u'ace928_1', u'factory_domain': u'wellsfargo.com', u'is_factory': u'false', u'server_role': u'role::add_testing_framework', u'provision_only': u'false'}, u'is_factory': u'false', u'server_role': u'role::add_testing_framework', u'factory_domain': u'wellsfargo.com', u'name': u'sergueik_testing_framework_927_1'}
16-09-27 11:48:11 cloud-provisioner.subprocess INFO: [pid:13081] [0;32mInfo: /Stage[main]/Splunk::Forwarder/Package[Splunk]: Scheduling refresh of Exec[license_splunkforwarder][0m
16-09-27 11:48:37 cloud-provisioner.subprocess INFO: [pid:13081] [mNotice: /Stage[main]/Splunk::Platform::Posix/Exec[license_splunkforwarder]/returns: [0m
16-09-27 11:48:37 cloud-provisioner.subprocess INFO: [pid:13081] [mNotice: /Stage[main]/Splunk::Platform::Posix/Exec[license_splunkforwarder]/returns: This appears to be your first time running this version of Splunk.[0m
16-09-27 11:48:37 cloud-provisioner.subprocess INFO: [pid:13081] [mNotice: /Stage[main]/Splunk::Platform::Posix/Exec[license_splunkforwarder]/returns: [0m
16-09-27 11:48:37 cloud-provisioner.subprocess INFO: [pid:13081] [mNotice: /Stage[main]/Splunk::Platform::Posix/Exec[license_splunkforwarder]/returns: Splunk> Map. Reduce. Recycle.[0m
16-09-27 11:48:37 cloud-provisioner.subprocess INFO: [pid:13081] [mNotice: /Stage[main]/Splunk::Platform::Posix/Exec[license_splunkforwarder]/returns: [0m
16-09-27 11:48:37 cloud-provisioner.subprocess INFO: [pid:13081] [mNotice: /Stage[main]/Splunk::Platform::Posix/Exec[license_splunkforwarder]/returns: Checking prerequisites...[0m
16-09-27 11:48:37 cloud-provisioner.subprocess INFO: [pid:13081] [mNotice: /Stage[main]/Splunk::Platform::Posix/Exec[license_splunkforwarder]/returns: 	Checking mgmt port [8089]: open[0m
16-09-27 11:48:37 cloud-provisioner.subprocess INFO: [pid:13081] [mNotice: /Stage[main]/Splunk::Platform::Posix/Exec[license_splunkforwarder]/returns: 		Creating: /opt/Splunk/splunkforwarder/var/lib/splunk[0m
16-09-27 11:48:37 cloud-provisioner.subprocess INFO: [pid:13081] [mNotice: /Stage[main]/Splunk::Platform::Posix/Exec[license_splunkforwarder]/returns: 		Creating: /opt/Splunk/splunkforwarder/var/run/splunk[0m
16-09-27 11:48:37 cloud-provisioner.subprocess INFO: [pid:13081] [mNotice: /Stage[main]/Splunk::Platform::Posix/Exec[license_splunkforwarder]/returns: 		Creating: /opt/Splunk/splunkforwarder/var/run/splunk/appserver/i18n[0m
16-09-27 11:48:37 cloud-provisioner.subprocess INFO: [pid:13081] [mNotice: /Stage[main]/Splunk::Platform::Posix/Exec[license_splunkforwarder]/returns: 		Creating: /opt/Splunk/splunkforwarder/var/run/splunk/appserver/modules/static/css[0m
16-09-27 11:48:37 cloud-provisioner.subprocess INFO: [pid:13081] [mNotice: /Stage[main]/Splunk::Platform::Posix/Exec[license_splunkforwarder]/returns: 		Creating: /opt/Splunk/splunkforwarder/var/run/splunk/upload[0m
16-09-27 11:48:37 cloud-provisioner.subprocess INFO: [pid:13081] [mNotice: /Stage[main]/Splunk::Platform::Posix/Exec[license_splunkforwarder]/returns: 		Creating: /opt/Splunk/splunkforwarder/var/spool/splunk[0m
16-09-27 11:48:37 cloud-provisioner.subprocess INFO: [pid:13081] [mNotice: /Stage[main]/Splunk::Platform::Posix/Exec[license_splunkforwarder]/returns: 		Creating: /opt/Splunk/splunkforwarder/var/spool/dirmoncache[0m
16-09-27 11:48:37 cloud-provisioner.subprocess INFO: [pid:13081] [mNotice: /Stage[main]/Splunk::Platform::Posix/Exec[license_splunkforwarder]/returns: 		Creating: /opt/Splunk/splunkforwarder/var/lib/splunk/authDb[0m
16-09-27 11:48:37 cloud-provisioner.subprocess INFO: [pid:13081] [mNotice: /Stage[main]/Splunk::Platform::Posix/Exec[license_splunkforwarder]/returns: 		Creating: /opt/Splunk/splunkforwarder/var/lib/splunk/hashDb[0m
16-09-27 11:48:37 cloud-provisioner.subprocess INFO: [pid:13081] [mNotice: /Stage[main]/Splunk::Platform::Posix/Exec[license_splunkforwarder]/returns: 	Checking conf files for problems...[0m
16-09-27 11:48:37 cloud-provisioner.subprocess INFO: [pid:13081] [mNotice: /Stage[main]/Splunk::Platform::Posix/Exec[license_splunkforwarder]/returns: 	Done[0m
16-09-27 11:48:37 cloud-provisioner.subprocess INFO: [pid:13081] [mNotice: /Stage[main]/Splunk::Platform::Posix/Exec[license_splunkforwarder]/returns: 	Checking default conf files for edits...[0m
16-09-27 11:48:37 cloud-provisioner.subprocess INFO: [pid:13081] [mNotice: /Stage[main]/Splunk::Platform::Posix/Exec[license_splunkforwarder]/returns: 	Validating installed files against hashes from '/opt/Splunk/splunkforwarder/splunkforwarder-manifest'[0m
16-09-27 11:48:37 cloud-provisioner.subprocess INFO: [pid:13081] [mNotice: /Stage[main]/Splunk::Platform::Posix/Exec[license_splunkforwarder]/returns: 	Long log line: installed files 1 installed files 2 installed files 3 installed files 4 installed files 5 installed files 6 installed files 9 installed files 10 installed files 11 installed files 12 installed files 13 installed files 14 [0m
16-09-27 11:48:37 cloud-provisioner.subprocess INFO: [pid:13081] [mNotice: /Stage[main]/Splunk::Platform::Posix/Exec[license_splunkforwarder]/returns: Generating a 1024 bit RSA private key[0m
16-09-27 11:48:37 cloud-provisioner.subprocess INFO: [pid:13081] [mNotice: /Stage[main]/Splunk::Platform::Posix/Exec[license_splunkforwarder]/returns: ..................................++++++[0m
16-09-27 11:48:37 cloud-provisioner.subprocess INFO: [pid:13081] [mNotice: /Stage[main]/Splunk::Platform::Posix/Exec[license_splunkforwarder]/returns: ..................................++++++[0m
16-09-27 11:48:37 cloud-provisioner.subprocess INFO: [pid:13081] [mNotice: /Stage[main]/Splunk::Platform::Posix/Exec[license_splunkforwarder]/returns: writing new private key to 'splunk.pem'[0m
16-09-27 11:48:37 cloud-provisioner.subprocess INFO: [pid:13081] [mNotice: /Stage[main]/Splunk::Platform::Posix/Exec[license_splunkforwarder]/returns: -----[0m
16-09-27 11:48:37 cloud-provisioner.subprocess INFO: [pid:13081] [mNotice: /Stage[main]/Splunk::Platform::Posix/Exec[license_splunkforwarder]/returns: Signature ok[0m
16-09-27 11:48:37 cloud-provisioner.subprocess INFO: [pid:13081] [mNotice: /Stage[main]/Splunk::Platform::Posix/Exec[license_splunkforwarder]/returns: writing RSA key[0m
16-09-27 11:48:37 cloud-provisioner.subprocess INFO: [pid:13081] [mNotice: /Stage[main]/Splunk::Platform::Posix/Exec[license_splunkforwarder]/returns:  [60G[[0;32m  OK  [0;39m]
16-09-27 11:48:37 cloud-provisioner.subprocess INFO: [pid:13081] [mNotice: /Stage[main]/Splunk::Platform::Posix/Exec[license_splunkforwarder]/returns: 	All installed files intact.[0m
16-09-27 11:48:37 cloud-provisioner.subprocess INFO: [pid:13081] [mNotice: /Stage[main]/Splunk::Platform::Posix/Exec[license_splunkforwarder]/returns: 	Done[0m
16-09-27 11:48:37 cloud-provisioner.subprocess INFO: [pid:13081] [mNotice: /Stage[main]/Splunk::Platform::Posix/Exec[license_splunkforwarder]/returns: All preliminary checks passed.[0m
16-09-27 11:48:37 cloud-provisioner.subprocess INFO: [pid:13081] [mNotice: /Stage[main]/Splunk::Platform::Posix/Exec[license_splunkforwarder]/returns: [0m
16-09-27 11:48:37 cloud-provisioner.subprocess INFO: [pid:13081] [mNotice: /Stage[main]/Splunk::Platform::Posix/Exec[license_splunkforwarder]/returns: Starting splunk server daemon (splunkd)...  [0m
16-09-27 11:48:37 cloud-provisioner.subprocess INFO: [pid:13081] [mNotice: /Stage[main]/Splunk::Platform::Posix/Exec[license_splunkforwarder]/returns: Done[0m
16-09-27 11:48:37 cloud-provisioner.subprocess INFO: [pid:13081] [mNotice: /Stage[main]/Splunk::Platform::Posix/Exec[license_splunkforwarder]/returns: Stopping splunkd...[0m
16-09-27 11:48:37 cloud-provisioner.subprocess INFO: [pid:13081] [mNotice: /Stage[main]/Splunk::Platform::Posix/Exec[license_splunkforwarder]/returns: Shutting down.  Please wait, as this may take a few minutes.[0m
16-09-27 11:48:37 cloud-provisioner.subprocess INFO: [pid:13081] [mNotice: /Stage[main]/Splunk::Platform::Posix/Exec[license_splunkforwarder]/returns: ....... [60G[[0;32m  OK  [0;39m]
16-09-27 11:48:37 cloud-provisioner.subprocess INFO: [pid:13081] [mNotice: /Stage[main]/Splunk::Platform::Posix/Exec[license_splunkforwarder]/returns: Stopping splunk helpers...[0m
16-09-27 11:48:37 cloud-provisioner.subprocess INFO: [pid:13081] [mNotice: /Stage[main]/Splunk::Platform::Posix/Exec[license_splunkforwarder]/returns:  [60G[[0;32m  OK  [0;39m]
16-09-27 11:48:37 cloud-provisioner.subprocess INFO: [pid:13081] [mNotice: /Stage[main]/Splunk::Platform::Posix/Exec[license_splunkforwarder]/returns: Done.[0m
16-09-27 11:48:37 cloud-provisioner.subprocess INFO: [pid:13081] [mNotice: /Stage[main]/Splunk::Platform::Posix/Exec[license_splunkforwarder]/returns: executed successfully[0m
16-09-27 11:48:37 cloud-provisioner.subprocess INFO: [pid:13081] [mNotice: /Stage[main]/Splunk::Platform::Posix/Exec[license_splunkforwarder]: Triggered 'refresh' from 1 events[0m
16-09-20 19:23:40 cloud-provisioner.subprocess INFO: [pid:13078] [0;32mInfo: /Stage[main]/Testing_framework/Testing_framework::Run_serverspec[_apps_puppet-testing_framework]/Exec[runner]: Scheduling refresh of Exec[reporter][0m
16-09-20 19:23:40 cloud-provisioner.subprocess INFO: [pid:13078] [mNotice: /Stage[main]/Testing_framework/Testing_framework::Run_serverspec[_apps_puppet-testing_framework]/Exec[reporter]/returns: ---> Registered ruby at `/apps/puppet-testing_framework/ruby/bin` as `219p490`[0m
16-09-20 19:23:40 cloud-provisioner.subprocess INFO: [pid:13078] [mNotice: /Stage[main]/Testing_framework/Testing_framework::Run_serverspec[_apps_puppet-testing_framework]/Exec[reporter]/returns: [0m
16-09-20 19:23:40 cloud-provisioner.subprocess INFO: [pid:13078] [mNotice: /Stage[main]/Testing_framework/Testing_framework::Run_serverspec[_apps_puppet-testing_framework]/Exec[reporter]/returns: ruby 2.1.9p490 (2016-03-30 revision 54437) [x86_64-linux][0m
16-09-20 19:23:40 cloud-provisioner.subprocess INFO: [pid:13078] [mNotice: /Stage[main]/Testing_framework/Testing_framework::Run_serverspec[_apps_puppet-testing_framework]/Exec[reporter]/returns: [0m
16-09-20 19:23:40 cloud-provisioner.subprocess INFO: [pid:13078] [mNotice: /Stage[main]/Testing_framework/Testing_framework::Run_serverspec[_apps_puppet-testing_framework]/Exec[reporter]/returns: Reading: reports/report_.json[0m
16-09-20 19:23:40 cloud-provisioner.subprocess INFO: [pid:13078] [mNotice: /Stage[main]/Testing_framework/Testing_framework::Run_serverspec[_apps_puppet-testing_framework]/Exec[reporter]/returns: Stats:[0m
16-09-20 19:23:40 cloud-provisioner.subprocess INFO: [pid:13078] [mNotice: /Stage[main]/Testing_framework/Testing_framework::Run_serverspec[_apps_puppet-testing_framework]/Exec[reporter]/returns: avamar_spec.rb	100.0%	Avamar[0m
16-09-20 19:23:40 cloud-provisioner.subprocess INFO: [pid:13078] [mNotice: /Stage[main]/Testing_framework/Testing_framework::Run_serverspec[_apps_puppet-testing_framework]/Exec[reporter]/returns: boks_spec.rb	100.0%	Boks[0m
16-09-20 19:23:40 cloud-provisioner.subprocess INFO: [pid:13078] [mNotice: /Stage[main]/Testing_framework/Testing_framework::Run_serverspec[_apps_puppet-testing_framework]/Exec[reporter]/returns: imlt_spec.rb	100.0%	IBM License Manager[0m
16-09-20 19:23:40 cloud-provisioner.subprocess INFO: [pid:13078] [mNotice: /Stage[main]/Testing_framework/Testing_framework::Run_serverspec[_apps_puppet-testing_framework]/Exec[reporter]/returns: oa_spec.rb	100.0%	HP Operations Agent[0m
16-09-20 19:23:40 cloud-provisioner.subprocess INFO: [pid:13078] [mNotice: /Stage[main]/Testing_framework/Testing_framework::Run_serverspec[_apps_puppet-testing_framework]/Exec[reporter]/returns: puppetlabs-splunk_spec.rb	100.0%	Splunk UniversalForwarder Product[0m
16-09-20 19:23:40 cloud-provisioner.subprocess INFO: [pid:13078] [mNotice: /Stage[main]/Testing_framework/Testing_framework::Run_serverspec[_apps_puppet-testing_framework]/Exec[reporter]/returns: tanium_spec.rb	100.0%	Tanium Client[0m
16-09-20 19:23:40 cloud-provisioner.subprocess INFO: [pid:13078] [mNotice: /Stage[main]/Testing_framework/Testing_framework::Run_serverspec[_apps_puppet-testing_framework]/Exec[reporter]/returns: uru_spec.rb	100.0%	uru self-test[0m
16-09-20 19:23:40 cloud-provisioner.subprocess INFO: [pid:13078] [mNotice: /Stage[main]/Testing_framework/Testing_framework::Run_serverspec[_apps_puppet-testing_framework]/Exec[reporter]/returns: venafi_spec.rb	100.0%	Venafi Product[0m
16-09-20 19:23:40 cloud-provisioner.subprocess INFO: [pid:13078] [mNotice: /Stage[main]/Testing_framework/Testing_framework::Run_serverspec[_apps_puppet-testing_framework]/Exec[reporter]/returns: Summary:[0m
16-09-20 19:23:40 cloud-provisioner.subprocess INFO: [pid:13078] [mNotice: /Stage[main]/Testing_framework/Testing_framework::Run_serverspec[_apps_puppet-testing_framework]/Exec[reporter]/returns: 192 examples, 0 failures, 3 pending[0m
16-09-20 19:23:40 cloud-provisioner.subprocess INFO: [pid:13078] [mNotice: /Stage[main]/Testing_framework/Testing_framework::Run_serverspec[_apps_puppet-testing_framework]/Exec[reporter]: Triggered 'refresh' from 1 events[0m
16-09-27 23:36:51 cloud-provisioner.subprocess INFO: [pid:13070] [mNotice: /Stage[main]/Splunk::Forwarder/Package[Splunk]/ensure: created[0m
16-09-28 10:50:09 cloud-provisioner.subprocess INFO: [pid:13042] [1;31mError: Could not update: Execution of '/usr/bin/yum -d 0 -e 0 -y install Splunk-6.4.2-1' returned 1: Error Downloading Packages:
16-09-28 10:50:09 cloud-provisioner.subprocess INFO: [pid:13042]   Splunk-6.4.2-1.x86_64: failure: Splunk.rpm from es_yum: [Errno 256] No more mirrors to try.[0m
16-09-28 10:50:09 cloud-provisioner.subprocess INFO: [pid:13042] [1;31mError: /Stage[main]/Splunk::Forwarder/Package[Splunk]/ensure: change from purged to 6.4.2-1 failed: Could not update: Execution of '/usr/bin/yum -d 0 -e 0 -y install Splunk-6.4.2-1' returned 1: Error Downloading Packages:Error: /Stage[main]/Splunk::Forwarder/Package[Splunk]/ensure: change from purged to 6.4.2-1 failed: Could not update: Execution of '/usr/bin/yum -d 0 -e 0 -y install Splunk-6.4.2-1' returned 1: Error Downloading Packages:
16-09-28 10:50:09 cloud-provisioner.subprocess INFO: [pid:13042]   Splunk-6.4.2-1.x86_64: failure: Splunk.rpm from es_yum: [Errno 256] No more mirrors to try.[0m
16-09-28 10:50:09 cloud-provisioner.subprocess INFO: [pid:13042] [mNotice: /Stage[main]/Splunk::Forwarder/File[/opt/Splunk/splunkforwarder/etc]: Dependency Package[Splunk] has failures: true[0m
16-09-28 10:50:09 cloud-provisioner.subprocess INFO: [pid:13042] [mNotice: /Stage[main]/Splunk::Forwarder/File[/opt/Splunk/splunkforwarder/etc/apps]: Dependency Package[Splunk] has failures: true[0m
16-09-28 10:50:09 cloud-provisioner.subprocess INFO: [pid:13042] [mNotice: /Stage[main]/Splunk::Forwarder/File[/opt/Splunk/splunkforwarder/etc/apps/Default]: Dependency Package[Splunk] has failures: true[0m
16-09-28 10:50:09 cloud-provisioner.subprocess INFO: [pid:13042] [mNotice: /Stage[main]/Splunk::Forwarder/File[/opt/Splunk/splunkforwarder/etc/apps/Default/local]: Dependency Package[Splunk] has failures: true[0m
16-09-28 10:50:09 cloud-provisioner.subprocess INFO: [pid:13042] [mNotice: /Stage[main]/Splunk::Forwarder/File[/opt/Splunk/splunkforwarder/etc/apps/Default/local/deploymentclient.conf]: Dependency Package[Splunk] has failures: true[0m
16-09-28 10:50:09 cloud-provisioner.subprocess INFO: [pid:13042] [mNotice: /Stage[main]/Splunk::Forwarder/File[/opt/Splunk/splunkforwarder/etc/apps/Default/local/app.conf]: Dependency Package[Splunk] has failures: true[0m
16-09-28 10:50:09 cloud-provisioner.subprocess INFO: [pid:13042] [mNotice: /Stage[main]/Splunk::Forwarder/Splunkforwarder_input[default_host]: Dependency Package[Splunk] has failures: true[0m
16-09-28 10:50:09 cloud-provisioner.subprocess INFO: [pid:13042] [mNotice: /Stage[main]/Splunk::Forwarder/Splunkforwarder_output[tcpout_defaultgroup]: Dependency Package[Splunk] has failures: true[0m
16-09-28 10:50:09 cloud-provisioner.subprocess INFO: [pid:13042] [mNotice: /Stage[main]/Splunk::Forwarder/Splunkforwarder_output[defaultgroup_server]: Dependency Package[Splunk] has failures: true[0m
16-09-28 10:50:09 cloud-provisioner.subprocess INFO: [pid:13042] [mNotice: /Stage[main]/Splunk::Forwarder/Ini_setting[forwarder_splunkd_port]: Dependency Package[Splunk] has failures: true[0m
16-09-28 10:50:09 cloud-provisioner.subprocess INFO: [pid:13042] [mNotice: /Stage[main]/Splunk::Forwarder/Ini_setting[server_conf_set_cacertfile]: Dependency Package[Splunk] has failures: true[0m
16-09-28 10:50:09 cloud-provisioner.subprocess INFO: [pid:13042] [mNotice: /Stage[main]/Splunk::Forwarder/Ini_setting[server_conf_set_requireclientcert]: Dependency Package[Splunk] has failures: true[0m
16-09-28 10:50:09 cloud-provisioner.subprocess INFO: [pid:13042] [mNotice: /Stage[main]/Splunk::Forwarder/Ini_setting[server_conf_set_sslkeysfile]: Dependency Package[Splunk] has failures: true[0m
16-09-28 10:50:09 cloud-provisioner.subprocess INFO: [pid:13042] [mNotice: /Stage[main]/Splunk::Forwarder/Ini_setting[server_conf_set_sslkeysfilepassword]: Dependency Package[Splunk] has failures: true[0m
16-09-28 10:50:09 cloud-provisioner.subprocess INFO: [pid:13042] [mNotice: /Stage[main]/Splunk::Platform::Posix/File[/etc/splunkforwarder]: Dependency Package[Splunk] has failures: true[0m
16-09-28 10:50:09 cloud-provisioner.subprocess INFO: [pid:13042] [mNotice: /Stage[main]/Splunk::Platform::Posix/Exec[remove_splunk_secret]: Dependency Package[Splunk] has failures: true[0m
16-09-28 10:50:09 cloud-provisioner.subprocess INFO: [pid:13042] [mNotice: /Stage[main]/Splunk::Platform::Posix/Exec[license_splunkforwarder]: Dependency Package[Splunk] has failures: true[0m
16-09-28 10:50:09 cloud-provisioner.subprocess INFO: [pid:13042] [mNotice: /Stage[main]/Splunk::Platform::Posix/Exec[enable_splunkforwarder]: Dependency Package[Splunk] has failures: true[0m
16-09-28 10:50:09 cloud-provisioner.subprocess INFO: [pid:13042] [mNotice: /Stage[main]/Splunk::Platform::Posix/Splunkforwarder_input[monitor_varlog]: Dependency Package[Splunk] has failures: true[0m
16-09-28 10:50:09 cloud-provisioner.subprocess INFO: [pid:13042] [mNotice: /Stage[main]/Splunk::Password/File[/opt/Splunk/splunkforwarder/etc/passwd]: Dependency Package[Splunk] has failures: true[0m
16-09-28 10:50:09 cloud-provisioner.subprocess INFO: [pid:13042] [mNotice: /Stage[main]/Splunk::Password/File[/opt/Splunk/splunkforwarder/etc/auth/splunk.secret]: Dependency Package[Splunk] has failures: true[0m
16-09-28 10:50:09 cloud-provisioner.subprocess INFO: [pid:13042] [mNotice: /Stage[main]/Splunk::Virtual/Service[splunk]: Dependency Package[Splunk] has failures: true[0m
16-09-28 10:50:09 cloud-provisioner.subprocess INFO: [pid:13042] [mNotice: /Stage[puppet_config]/Pe_agent::Config/File[/etc/puppetlabs/puppet/puppet.conf]: Dependency Package[Splunk] has failures: true[0m
16-09-28 10:50:09 cloud-provisioner.subprocess INFO: [pid:13042] [mNotice: /Stage[puppet_config]/Pe_agent::Config/File[/etc/facter]: Dependency Package[Splunk] has failures: true[0m
16-09-28 10:50:09 cloud-provisioner.subprocess INFO: [pid:13042] [mNotice: /Stage[puppet_config]/Pe_agent::Config/File[/etc/facter/facts.d]: Dependency Package[Splunk] has failures: true[0m
16-09-28 10:50:09 cloud-provisioner.subprocess INFO: [pid:13042] [mNotice: /Stage[puppet_config]/Pe_agent::Config/File[/etc/facter/facts.d/pce.yaml]: Dependency Package[Splunk] has failures: true[0m
16-09-28 10:50:09 cloud-provisioner.subprocess INFO: [pid:13042] [mNotice: /Stage[puppet_config]/Pe_agent::Config/Ini_setting[main_noop]: Dependency Package[Splunk] has failures: true[0m
16-09-28 10:50:09 cloud-provisioner.subprocess INFO: [pid:13042] [mNotice: /Stage[puppet_config]/Pe_agent::Config/Ini_setting[undef_noop]: Dependency Package[Splunk] has failures: true[0m
16-09-28 10:50:09 cloud-provisioner.subprocess INFO: [pid:13042] [mNotice: /Stage[puppet_config]/Pe_agent::Config/Ini_setting[noop]: Dependency Package[Splunk] has failures: true[0m
16-09-28 10:50:09 cloud-provisioner.subprocess INFO: [pid:13042] [mNotice: /Stage[puppet_config]/Pe_agent::Config/Ini_setting[main_runinterval]: Dependency Package[Splunk] has failures: true[0m
16-09-28 10:50:09 cloud-provisioner.subprocess INFO: [pid:13042] [mNotice: /Stage[puppet_config]/Pe_agent::Config/Ini_setting[undef_runinterval]: Dependency Package[Splunk] has failures: true[0m
16-09-28 10:50:09 cloud-provisioner.subprocess INFO: [pid:13042] [mNotice: /Stage[puppet_config]/Pe_agent::Config/Ini_setting[runinterval]: Dependency Package[Splunk] has failures: true[0m
16-09-28 10:50:09 cloud-provisioner.subprocess INFO: [pid:13042] [mNotice: /Stage[puppet_config]/Pe_agent::Service/Service[puppet]: Dependency Package[Splunk] has failures: true[0m
